mode: set
readcommend/configuration/configuration.go:26.68,29.68 2 1
readcommend/configuration/configuration.go:29.68,31.3 1 0
readcommend/configuration/configuration.go:33.2,34.16 2 1
readcommend/configuration/configuration.go:34.16,36.3 1 0
readcommend/configuration/configuration.go:38.2,38.60 1 1
readcommend/configuration/configuration.go:38.60,40.3 1 0
readcommend/configuration/configuration.go:42.2,42.15 1 1
readcommend/utils/utils.go:11.74,12.14 1 1
readcommend/utils/utils.go:12.14,16.69 4 1
readcommend/utils/utils.go:16.69,18.4 1 0
readcommend/utils/utils.go:22.66,24.22 2 1
readcommend/utils/utils.go:24.22,26.32 2 1
readcommend/utils/utils.go:26.32,28.18 2 1
readcommend/utils/utils.go:28.18,30.5 1 1
readcommend/utils/utils.go:31.4,31.37 1 1
readcommend/utils/utils.go:34.2,34.20 1 1
readcommend/handlers/get_authors_handler.go:15.77,17.2 1 1
readcommend/handlers/get_authors_handler.go:19.76,20.28 1 1
readcommend/handlers/get_authors_handler.go:20.28,23.3 2 0
readcommend/handlers/get_authors_handler.go:25.2,26.16 2 1
readcommend/handlers/get_authors_handler.go:26.16,29.3 2 1
readcommend/handlers/get_authors_handler.go:31.2,32.59 2 1
readcommend/handlers/get_authors_handler.go:32.59,35.3 2 0
readcommend/handlers/get_book_handler.go:27.69,29.2 1 1
readcommend/handlers/get_book_handler.go:31.72,35.26 3 1
readcommend/handlers/get_book_handler.go:35.26,37.3 1 0
readcommend/handlers/get_book_handler.go:39.2,40.16 2 1
readcommend/handlers/get_book_handler.go:40.16,43.3 2 1
readcommend/handlers/get_book_handler.go:45.2,46.57 2 1
readcommend/handlers/get_book_handler.go:46.57,49.3 2 0
readcommend/handlers/get_book_handler.go:52.105,55.49 2 1
readcommend/handlers/get_book_handler.go:55.49,56.20 1 1
readcommend/handlers/get_book_handler.go:57.18,58.27 1 1
readcommend/handlers/get_book_handler.go:58.27,60.19 2 1
readcommend/handlers/get_book_handler.go:60.19,64.6 3 0
readcommend/handlers/get_book_handler.go:65.5,65.35 1 1
readcommend/handlers/get_book_handler.go:67.17,68.27 1 1
readcommend/handlers/get_book_handler.go:68.27,70.19 2 1
readcommend/handlers/get_book_handler.go:70.19,74.6 3 0
readcommend/handlers/get_book_handler.go:75.5,75.33 1 1
readcommend/handlers/get_book_handler.go:77.20,78.27 1 1
readcommend/handlers/get_book_handler.go:78.27,80.35 2 1
readcommend/handlers/get_book_handler.go:80.35,84.6 3 1
readcommend/handlers/get_book_handler.go:85.5,85.37 1 1
readcommend/handlers/get_book_handler.go:87.20,88.27 1 1
readcommend/handlers/get_book_handler.go:88.27,90.35 2 1
readcommend/handlers/get_book_handler.go:90.35,94.6 3 0
readcommend/handlers/get_book_handler.go:95.5,95.37 1 1
readcommend/handlers/get_book_handler.go:97.19,98.27 1 1
readcommend/handlers/get_book_handler.go:98.27,100.34 2 1
readcommend/handlers/get_book_handler.go:100.34,104.6 3 0
readcommend/handlers/get_book_handler.go:105.5,105.35 1 1
readcommend/handlers/get_book_handler.go:107.19,108.27 1 1
readcommend/handlers/get_book_handler.go:108.27,110.34 2 1
readcommend/handlers/get_book_handler.go:110.34,114.6 3 0
readcommend/handlers/get_book_handler.go:115.5,115.35 1 1
readcommend/handlers/get_book_handler.go:117.16,118.27 1 1
readcommend/handlers/get_book_handler.go:118.27,120.32 2 1
readcommend/handlers/get_book_handler.go:120.32,124.6 3 1
readcommend/handlers/get_book_handler.go:125.5,125.31 1 1
readcommend/handlers/get_book_handler.go:127.11,130.22 3 0
readcommend/handlers/get_book_handler.go:134.2,134.109 1 1
readcommend/handlers/get_book_handler.go:134.109,137.3 2 0
readcommend/handlers/get_book_handler.go:139.2,139.105 1 1
readcommend/handlers/get_book_handler.go:139.105,142.3 2 0
readcommend/handlers/get_book_handler.go:144.2,144.27 1 1
readcommend/handlers/get_eras_handler.go:15.69,17.2 1 1
readcommend/handlers/get_eras_handler.go:19.71,20.28 1 1
readcommend/handlers/get_eras_handler.go:20.28,23.3 2 0
readcommend/handlers/get_eras_handler.go:25.2,26.16 2 1
readcommend/handlers/get_eras_handler.go:26.16,29.3 2 1
readcommend/handlers/get_eras_handler.go:31.2,32.56 2 1
readcommend/handlers/get_eras_handler.go:32.56,35.3 2 0
readcommend/handlers/get_genre_handler.go:15.73,17.2 1 1
readcommend/handlers/get_genre_handler.go:19.74,20.28 1 1
readcommend/handlers/get_genre_handler.go:20.28,23.3 2 0
readcommend/handlers/get_genre_handler.go:25.2,26.16 2 1
readcommend/handlers/get_genre_handler.go:26.16,29.3 2 1
readcommend/handlers/get_genre_handler.go:31.2,32.58 2 1
readcommend/handlers/get_genre_handler.go:32.58,35.3 2 0
readcommend/handlers/get_sizes_handler.go:15.69,17.2 1 1
readcommend/handlers/get_sizes_handler.go:19.72,20.28 1 1
readcommend/handlers/get_sizes_handler.go:20.28,23.3 2 0
readcommend/handlers/get_sizes_handler.go:25.2,26.16 2 1
readcommend/handlers/get_sizes_handler.go:26.16,29.3 2 1
readcommend/handlers/get_sizes_handler.go:31.2,32.57 2 1
readcommend/handlers/get_sizes_handler.go:32.57,35.3 2 0
readcommend/services/authors_service.go:14.51,16.2 1 1
readcommend/services/authors_service.go:18.63,23.16 4 1
readcommend/services/authors_service.go:23.16,25.3 1 1
readcommend/services/authors_service.go:27.2,27.21 1 1
readcommend/services/book_service.go:16.47,18.2 1 1
readcommend/services/book_service.go:20.153,25.22 4 1
readcommend/services/book_service.go:25.22,28.17 3 1
readcommend/services/book_service.go:28.17,30.4 1 0
readcommend/services/book_service.go:31.3,32.37 2 1
readcommend/services/book_service.go:35.2,35.21 1 1
readcommend/services/book_service.go:35.21,38.17 3 1
readcommend/services/book_service.go:38.17,40.4 1 0
readcommend/services/book_service.go:41.3,42.36 2 1
readcommend/services/book_service.go:45.2,45.18 1 1
readcommend/services/book_service.go:45.18,48.3 2 1
readcommend/services/book_service.go:50.2,50.18 1 1
readcommend/services/book_service.go:50.18,53.3 2 1
readcommend/services/book_service.go:55.2,55.17 1 1
readcommend/services/book_service.go:55.17,58.3 2 1
readcommend/services/book_service.go:60.2,60.17 1 1
readcommend/services/book_service.go:60.17,63.3 2 1
readcommend/services/book_service.go:65.2,65.25 1 1
readcommend/services/book_service.go:65.25,67.3 1 1
readcommend/services/book_service.go:69.2,71.15 2 1
readcommend/services/book_service.go:71.15,74.3 2 1
readcommend/services/book_service.go:76.2,79.16 4 1
readcommend/services/book_service.go:79.16,81.3 1 1
readcommend/services/book_service.go:83.2,83.19 1 1
readcommend/services/eras_service.go:14.47,16.2 1 1
readcommend/services/eras_service.go:18.55,21.16 3 1
readcommend/services/eras_service.go:21.16,23.3 1 1
readcommend/services/eras_service.go:24.2,24.18 1 1
readcommend/services/genre_service.go:14.49,16.2 1 1
readcommend/services/genre_service.go:18.60,23.16 4 1
readcommend/services/genre_service.go:23.16,25.3 1 1
readcommend/services/genre_service.go:27.2,27.20 1 1
readcommend/services/size_service.go:14.47,16.2 1 1
readcommend/services/size_service.go:18.57,21.16 3 1
readcommend/services/size_service.go:21.16,23.3 1 1
readcommend/services/size_service.go:24.2,24.19 1 1
readcommend/server/server.go:24.79,57.2 17 1
readcommend/server/server.go:66.3,67.80 1 1
readcommend/server/server.go:67.80,69.3 1 0
readcommend/server/server.go:70.2,70.81 1 1
readcommend/server/server.go:70.81,72.3 1 0
readcommend/server/server.go:73.2,73.79 1 1
readcommend/server/server.go:73.79,75.3 1 0
readcommend/server/server.go:76.2,76.79 1 1
readcommend/server/server.go:76.79,78.3 1 0
readcommend/server/server.go:79.2,79.78 1 1
readcommend/server/server.go:79.78,81.3 1 0
readcommend/server/server.go:84.40,88.2 3 0
readcommend/server/server.go:90.36,92.23 2 1
readcommend/server/server.go:92.23,99.13 3 1
readcommend/server/server.go:99.13,100.85 1 1
readcommend/server/server.go:100.85,102.5 1 0
readcommend/server/server.go:104.8,106.3 1 0
readcommend/server/server.go:109.36,110.43 1 1
readcommend/server/server.go:110.43,112.3 1 0
